<?xml version="1.0" encoding="UTF-8"?>
<testsuite name="Runner.TestRunner" time="33.556" tests="17" errors="0" skipped="0" failures="1">
  <properties>
[...]
</properties>
  <testcase name="Drag &amp; Drop in a Frame" classname="Test to validate Drag &amp; Drop with frames in Droppable Feature" time="11.936"/>
  <testcase name="Verification of the page title" classname="Test to validate Menus in the JqueryUi home page" time="7.103"/>
  <testcase name="Validating existence of menus in Jqueryui home Page" classname="Test to validate Menus in the JqueryUi home page" time="7.263"/>
  <testcase name="Validating existence of menus in Jqueryui home Page" classname="Test to validate Menus in the JqueryUi home page" time="6.853"/>
  <testcase name="Validating existence of menus in Jqueryui home Page" classname="Test to validate Menus in the JqueryUi home page" time="7.179"/>
  <testcase name="Validating existence of menus in Jqueryui home Page" classname="Test to validate Menus in the JqueryUi home page" time="6.972"/>
  <testcase name="Validating existence of menus in Jqueryui home Page" classname="Test to validate Menus in the JqueryUi home page" time="6.877"/>
  <testcase name="Validating existence of menus in Jqueryui home Page" classname="Test to validate Menus in the JqueryUi home page" time="8.143"/>
  <testcase name="Validating existence of menus in Jqueryui home Page" classname="Test to validate Menus in the JqueryUi home page" time="7.54"/>
  <testcase name="Validating existence of menus in Jqueryui home Page" classname="Test to validate Menus in the JqueryUi home page" time="6.49"/>
  <testcase name="Validating clicking on a menu navigate to respective menu details screen" classname="Test to validate Menus in the JqueryUi home page" time="7.254"/>
  <testcase name="Validating clicking on a menu navigate to respective menu details screen" classname="Test to validate Menus in the JqueryUi home page" time="7.366"/>
  <testcase name="Validating clicking on a menu navigate to respective menu details screen" classname="Test to validate Menus in the JqueryUi home page" time="7.64"/>
  <testcase name="Validating clicking on a menu navigate to respective menu details screen" classname="Test to validate Menus in the JqueryUi home page" time="8.206"/>
  <testcase name="Validating clicking on a menu navigate to respective menu details screen" classname="Test to validate Menus in the JqueryUi home page" time="7.16"/>
  <testcase name="Validating clicking on a menu navigate to respective menu details screen" classname="Test to validate Menus in the JqueryUi home page" time="13.473">
    <failure type="java.lang.AssertionError:">java.lang.AssertionError: null
	at org.junit.Assert.fail(Assert.java:87)
	at org.junit.Assert.assertTrue(Assert.java:42)
	at org.junit.Assert.assertFalse(Assert.java:65)
	at org.junit.Assert.assertFalse(Assert.java:75)
	at Utils.SeleniumHelper.ObjectText(SeleniumHelper.java:146)
	at StepDefinitions.JQueryStepDef.menu_screen_should_display(JQueryStepDef.java:61)
	at ✽.menu screen "Support Center" should display(file:src/test/java/FeatureFiles/JQueyHomePage.feature:32)
</failure>
    <system-out><![CDATA[browser launched
Window ->CDwindow-D75B1F3BE72F1BE243E7B0561ABC0057
browser quit
]]></system-out>
    <system-err><![CDATA[Starting ChromeDriver 87.0.4280.88 (89e2380a3e36c3464b5dd1302349b1382549290d-refs/branch-heads/4280@{#1761}) on port 18351
Only local connections are allowed.
Please see https://chromedriver.chromium.org/security-considerations for suggestions on keeping ChromeDriver safe.
ChromeDriver was started successfully.
Jan 14, 2021 6:24:20 PM org.openqa.selenium.remote.ProtocolHandshake createSession
INFO: Detected dialect: W3C
Jan 14, 2021 6:24:20 PM org.openqa.selenium.devtools.CdpVersionFinder findNearestMatch
WARNING: Unable to find an exact match for CDP version 87, so returning the closest version found: 86
Jan 14, 2021 6:24:20 PM org.openqa.selenium.devtools.CdpVersionFinder findNearestMatch
INFO: Found CDP implementation for version 87 of 86
Jan 14, 2021 6:24:28 PM org.openqa.selenium.remote.http.WebSocket$Listener onError
WARNING: Connection reset
java.net.SocketException: Connection reset
	at java.base/sun.nio.ch.SocketChannelImpl.throwConnectionReset(SocketChannelImpl.java:367)
	at java.base/sun.nio.ch.SocketChannelImpl.read(SocketChannelImpl.java:398)
	at io.netty.buffer.PooledByteBuf.setBytes(PooledByteBuf.java:253)
	at io.netty.buffer.AbstractByteBuf.writeBytes(AbstractByteBuf.java:1134)
	at io.netty.channel.socket.nio.NioSocketChannel.doReadBytes(NioSocketChannel.java:350)
	at io.netty.channel.nio.AbstractNioByteChannel$NioByteUnsafe.read(AbstractNioByteChannel.java:151)
	at io.netty.channel.nio.NioEventLoop.processSelectedKey(NioEventLoop.java:714)
	at io.netty.channel.nio.NioEventLoop.processSelectedKeysOptimized(NioEventLoop.java:650)
	at io.netty.channel.nio.NioEventLoop.processSelectedKeys(NioEventLoop.java:576)
	at io.netty.channel.nio.NioEventLoop.run(NioEventLoop.java:493)
	at io.netty.util.concurrent.SingleThreadEventExecutor$4.run(SingleThreadEventExecutor.java:989)
	at io.netty.util.internal.ThreadExecutorMap$2.run(ThreadExecutorMap.java:74)
	at io.netty.util.concurrent.FastThreadLocalRunnable.run(FastThreadLocalRunnable.java:30)
	at java.base/java.lang.Thread.run(Thread.java:832)

]]></system-err>
  </testcase>
  <testcase name="Validating clicking on a menu navigate to respective menu details screen" classname="Test to validate Menus in the JqueryUi home page" time="7.245"/>
</testsuite>