<?xml version="1.0" encoding="UTF-8"?>
<testsuite name="Runner.TestRunner" time="9.743" tests="5" errors="0" skipped="0" failures="0">
  <properties>
[...]
</properties>
  <testcase name="Validate maths surrey Page" classname="Test to validate links in the left frame" time="9.743"/>
  <testcase name="Validate maths surrey Page" classname="Test to validate links in the left frame" time="6.982"/>
  <testcase name="Validate maths surrey Page" classname="Test to validate links in the left frame" time="6.578"/>
  <testcase name="Validate maths surrey Page" classname="Test to validate links in the left frame" time="6.702"/>
  <testcase name="Validate maths surrey Page" classname="Test to validate links in the left frame" time="6.262"/>
</testsuite>